<<<<<<< HEAD
=======
<<<<<<< HEAD
<<<<<<< HEAD
﻿  Snake_Project.vcxproj -> C:\Users\김홍기\Documents\인보snake\Snake_Project\Debug\Snake_Project.exe
=======
>>>>>>> 303555dcee13d5eb5fdc78ffa20793277051888b
﻿  render.cpp
D:\Microsoft Visual Studio\snake project\Snake_Project\Snake_Project\render.cpp(27): warning C4715:  '<lambda_6ac92094c6ad48ccc0ac76234cc37755>::operator()': 모든 제어 경로에서 값을 반환하지는 않습니다.
  Snake_Project.vcxproj -> D:\Microsoft Visual Studio\snake project\Snake_Project\Debug\Snake_Project.exe
<<<<<<< HEAD
=======
>>>>>>> 1f0883ebf2da3d93c96c975f1178a4697e172420
=======
﻿  key.cpp
  logic.cpp
  logic_food.cpp
  logic_snake.cpp
  main.cpp
  render.cpp
  util.cpp
  코드를 생성하고 있습니다...
  LINK : D:\Github\SnakeProject\Snake_Project\Debug\Snake_Project.exe을(를) 찾을 수 없거나 마지막 증분 링크에 의해 빌드되지 않았습니다. 전체 링크를 수행하고 있습니다.
  Snake_Project.vcxproj -> D:\Github\SnakeProject\Snake_Project\Debug\Snake_Project.exe
>>>>>>> 17afcfad4773128d7c07237a8060ea83c820c163
>>>>>>> 303555dcee13d5eb5fdc78ffa20793277051888b
